#
# There is insufficient memory for the Java Runtime Environment to continue.
# Native memory allocation (mmap) failed to map 266338304 bytes. Error detail: G1 virtual space
# Possible reasons:
#   The system is out of physical RAM or swap space
#   This process is running with CompressedOops enabled, and the Java Heap may be blocking the growth of the native heap
# Possible solutions:
#   Reduce memory load on the system
#   Increase physical memory or swap space
#   Check if swap backing store is full
#   Decrease Java heap size (-Xmx/-Xms)
#   Decrease number of Java threads
#   Decrease Java thread stack sizes (-Xss)
#   Set larger code cache with -XX:ReservedCodeCacheSize=
#   JVM is running with Zero Based Compressed Oops mode in which the Java heap is
#     placed in the first 32GB address space. The Java Heap base address is the
#     maximum limit for the native heap growth. Please use -XX:HeapBaseMinAddress
#     to set the Java Heap base and to place the Java Heap above 32GB virtual address.
# This output file may be truncated or incomplete.
#
#  Out of Memory Error (os_windows.cpp:3825), pid=1324, tid=13532
#
# JRE version:  (17.0.11) (build )
# Java VM: OpenJDK 64-Bit Server VM (17.0.11+0--11852314, mixed mode, sharing, tiered, compressed oops, compressed class ptrs, g1 gc, windows-amd64)
# No core dump will be written. Minidumps are not enabled by default on client versions of Windows
#

---------------  S U M M A R Y ------------

Command Line: org.jetbrains.kotlin.cli.jvm.K2JVMCompiler @C:\Users\AZeR18\AndroidStudioProjects\VUZEasyWork\app\build\20241204_2965591545519801105.compiler.options

Host: 12th Gen Intel(R) Core(TM) i5-12450H, 12 cores, 15G,  Windows 10 , 64 bit Build 19041 (10.0.19041.4717)
Time: Wed Dec  4 22:51:09 2024 RTZ 2 (s 10 , 64 bit Build 19041 (10.0.19041.4717) elapsed time: 0.005162 seconds (0d 0h 0m 0s)

---------------  T H R E A D  ---------------

Current thread (0x00000186320328a0):  JavaThread "Unknown thread" [_thread_in_vm, id=13532, stack(0x00000069beb00000,0x00000069bec00000)]

Stack: [0x00000069beb00000,0x00000069bec00000]
Native frames: (J=compiled Java code, j=interpreted, Vv=VM code, C=native code)
V  [jvm.dll+0x687bb9]
V  [jvm.dll+0x84142a]
V  [jvm.dll+0x8430ae]
V  [jvm.dll+0x843713]
V  [jvm.dll+0x24a35f]
V  [jvm.dll+0x684989]
V  [jvm.dll+0x67923a]
V  [jvm.dll+0x30af0b]
V  [jvm.dll+0x3123b6]
V  [jvm.dll+0x361dfe]
V  [jvm.dll+0x36202f]
V  [jvm.dll+0x2e0d38]
V  [jvm.dll+0x2e1ca4]
V  [jvm.dll+0x811f21]
V  [jvm.dll+0x36fb68]
V  [jvm.dll+0x7f0896]
V  [jvm.dll+0x3f3d2f]
V  [jvm.dll+0x3f58e1]
C  [jli.dll+0x528f]
C  [ucrtbase.dll+0x21bb2]
C  [KERNEL32.DLL+0x17374]
C  [ntdll.dll+0x4cc91]


---------------  P R O C E S S  ---------------

Threads class SMR info:
_java_thread_list=0x00007ff99b61efd8, length=0, elements={
}

Java Threads: ( => current thread )

Other Threads:
  0x0000018632098e90 GCTaskThread "GC Thread#0" [stack: 0x00000069bec00000,0x00000069bed00000] [id=7388]
  0x00000186320a98f0 ConcurrentGCThread "G1 Main Marker" [stack: 0x00000069bed00000,0x00000069bee00000] [id=7428]
  0x00000186320aa220 ConcurrentGCThread "G1 Conc#0" [stack: 0x00000069bee00000,0x00000069bef00000] [id=13420]

[error occurred during error reporting (printing all threads), id 0xc0000005, EXCEPTION_ACCESS_VIOLATION (0xc0000005) at pc=0x00007ff99add1907]

VM state: not at safepoint (not fully initialized)

VM Mutex/Monitor currently owned by a thread:  ([mutex/lock_event])
[0x000001863202dae0] Heap_lock - owner thread: 0x00000186320328a0

Heap address: 0x0000000703e00000, size: 4034 MB, Compressed Oops mode: Zero based, Oop shift amount: 3

CDS archive(s) mapped at: [0x0000000000000000-0x0000000000000000-0x0000000000000000), size 0, SharedBaseAddress: 0x0000000800000000, ArchiveRelocationMode: 1.
Narrow klass base: 0x0000000000000000, Narrow klass shift: 0, Narrow klass range: 0x0

GC Precious Log:
<Empty>

Heap:
 garbage-first heap   total 0K, used 0K [0x0000000703e00000, 0x0000000800000000)
  region size 2048K, 0 young (0K), 0 survivors (0K)
 Metaspace       used 0K, committed 0K, reserved 0K
  class space    used 0K, committed 0K, reserved 0K

Heap Regions: E=young(eden), S=young(survivor), O=old, HS=humongous(starts), HC=humongous(continues), CS=collection set, F=free, OA=open archive, CA=closed archive, TAMS=top-at-mark-start (previous, next)

Card table byte_map: [0x0000018645260000,0x0000018645a50000] _byte_map_base: 0x0000018641a41000

Marking Bits (Prev, Next): (CMBitMap*) 0x00000186320993b0, (CMBitMap*) 0x00000186320993f0
 Prev Bits: [0x0000018646240000, 0x000001864a148000)
 Next Bits: [0x000001864a150000, 0x000001864e058000)

GC Heap History (0 events):
No events

Dll operation events (1 events):
Event: 0.003 Loaded shared library C:\Program Files\Android\Android Studio\jbr\bin\java.dll

Deoptimization events (0 events):
No events

Classes unloaded (0 events):
No events

Classes redefined (0 events):
No events

Internal exceptions (0 events):
No events

VM Operations (0 events):
No events

Events (0 events):
No events


Dynamic libraries:
0x00007ff728370000 - 0x00007ff72837a000 	C:\Program Files\Android\Android Studio\jbr\bin\java.exe
0x00007ffa049d0000 - 0x00007ffa04bc8000 	C:\Windows\SYSTEM32\ntdll.dll
0x00007ffa03f40000 - 0x00007ffa04001000 	C:\Windows\System32\KERNEL32.DLL
0x00007ffa025f0000 - 0x00007ffa028ed000 	C:\Windows\System32\KERNELBASE.dll
0x00007ffa02130000 - 0x00007ffa02230000 	C:\Windows\System32\ucrtbase.dll
0x00007ff9e3ac0000 - 0x00007ff9e3adb000 	C:\Program Files\Android\Android Studio\jbr\bin\VCRUNTIME140.dll
0x00007ff9f7270000 - 0x00007ff9f7287000 	C:\Program Files\Android\Android Studio\jbr\bin\jli.dll
0x00007ffa04010000 - 0x00007ffa041ad000 	C:\Windows\System32\USER32.dll
0x00007ffa023c0000 - 0x00007ffa023e2000 	C:\Windows\System32\win32u.dll
0x00007ff9ecbe0000 - 0x00007ff9ece7a000 	C:\Windows\WinSxS\amd64_microsoft.windows.common-controls_6595b64144ccf1df_6.0.19041.4355_none_60b8b9eb71f62e16\COMCTL32.dll
0x00007ffa02ac0000 - 0x00007ffa02aeb000 	C:\Windows\System32\GDI32.dll
0x00007ffa03280000 - 0x00007ffa0331e000 	C:\Windows\System32\msvcrt.dll
0x00007ffa02230000 - 0x00007ffa02347000 	C:\Windows\System32\gdi32full.dll
0x00007ffa023f0000 - 0x00007ffa0248d000 	C:\Windows\System32\msvcp_win.dll
0x00007ffa03760000 - 0x00007ffa0378f000 	C:\Windows\System32\IMM32.DLL
0x00007ff9e6b30000 - 0x00007ff9e6b3c000 	C:\Program Files\Android\Android Studio\jbr\bin\vcruntime140_1.dll
0x00007ff98be20000 - 0x00007ff98bead000 	C:\Program Files\Android\Android Studio\jbr\bin\msvcp140.dll
0x00007ff99aae0000 - 0x00007ff99b763000 	C:\Program Files\Android\Android Studio\jbr\bin\server\jvm.dll
0x00007ffa046d0000 - 0x00007ffa04780000 	C:\Windows\System32\ADVAPI32.dll
0x00007ffa04630000 - 0x00007ffa046d0000 	C:\Windows\System32\sechost.dll
0x00007ffa03a00000 - 0x00007ffa03b23000 	C:\Windows\System32\RPCRT4.dll
0x00007ffa02940000 - 0x00007ffa02967000 	C:\Windows\System32\bcrypt.dll
0x00007ffa01600000 - 0x00007ffa0164b000 	C:\Windows\SYSTEM32\POWRPROF.dll
0x00007ff9fe120000 - 0x00007ff9fe129000 	C:\Windows\SYSTEM32\WSOCK32.dll
0x00007ff9f4ce0000 - 0x00007ff9f4d07000 	C:\Windows\SYSTEM32\WINMM.dll
0x00007ff9f77b0000 - 0x00007ff9f77ba000 	C:\Windows\SYSTEM32\VERSION.dll
0x00007ffa03c60000 - 0x00007ffa03ccb000 	C:\Windows\System32\WS2_32.dll
0x00007ffa01470000 - 0x00007ffa01482000 	C:\Windows\SYSTEM32\UMPDC.dll
0x00007ffa008e0000 - 0x00007ffa008f2000 	C:\Windows\SYSTEM32\kernel.appcore.dll
0x00007ff9fdc60000 - 0x00007ff9fdc6a000 	C:\Program Files\Android\Android Studio\jbr\bin\jimage.dll
0x00007ffa00550000 - 0x00007ffa00734000 	C:\Windows\SYSTEM32\DBGHELP.DLL
0x00007ff9e98f0000 - 0x00007ff9e9924000 	C:\Windows\SYSTEM32\dbgcore.DLL
0x00007ffa02970000 - 0x00007ffa029f2000 	C:\Windows\System32\bcryptPrimitives.dll
0x00007ff9fd4a0000 - 0x00007ff9fd4c5000 	C:\Program Files\Android\Android Studio\jbr\bin\java.dll

dbghelp: loaded successfully - version: 4.0.5 - missing functions: none
symbol engine: initialized successfully - sym options: 0x614 - pdb path: .;C:\Program Files\Android\Android Studio\jbr\bin;C:\Windows\SYSTEM32;C:\Windows\WinSxS\amd64_microsoft.windows.common-controls_6595b64144ccf1df_6.0.19041.4355_none_60b8b9eb71f62e16;C:\Program Files\Android\Android Studio\jbr\bin\server

VM Arguments:
java_command: org.jetbrains.kotlin.cli.jvm.K2JVMCompiler @C:\Users\AZeR18\AndroidStudioProjects\VUZEasyWork\app\build\20241204_2965591545519801105.compiler.options
java_class_path (initial): C:\Users\AZeR18\.gradle\caches\modules-2\files-2.1\org.jetbrains.kotlin\kotlin-compiler-embeddable\1.9.0\2c8c3a7402becca891f12739b3e9fd2dc2adbd7a\kotlin-compiler-embeddable-1.9.0.jar;C:\Users\AZeR18\.gradle\caches\modules-2\files-2.1\org.jetbrains.kotlin\kotlin-stdlib\1.9.0\8ee15ef0c67dc83d874f412d84378d7f0eb50b63\kotlin-stdlib-1.9.0.jar;C:\Users\AZeR18\.gradle\caches\modules-2\files-2.1\org.jetbrains.kotlin\kotlin-script-runtime\1.9.0\4b3102cbbb7e1b58d9d1adf89563f00069ffa7d1\kotlin-script-runtime-1.9.0.jar;C:\Users\AZeR18\.gradle\caches\modules-2\files-2.1\org.jetbrains.kotlin\kotlin-reflect\1.6.10\1cbe9c92c12a94eea200d23c2bbaedaf3daf5132\kotlin-reflect-1.6.10.jar;C:\Users\AZeR18\.gradle\caches\modules-2\files-2.1\org.jetbrains.kotlin\kotlin-daemon-embeddable\1.9.0\186543f5e28cf8d9a0290fecc2cf34301c40a65c\kotlin-daemon-embeddable-1.9.0.jar;C:\Users\AZeR18\.gradle\caches\modules-2\files-2.1\org.jetbrains.intellij.deps\trove4j\1.0.20200330\3afb14d5f9ceb459d724e907a21145e8ff394f02\trove4j-1.0.20200330.jar;C:\Users\AZeR18\.gradle\caches\modules-2\files-2.1\org.jetbrains.kotlin\kotlin-stdlib-common\1.9.0\cd65c21cfd1eec4d44ef09f9f52b6d9f8a720636\kotlin-stdlib-common-1.9.0.jar;C:\Users\AZeR18\.gradle\caches\modules-2\files-2.1\org.jetbrains\annotations\13.0\919f0dfe192fb4e063e7dacadee7f8bb9a2672a9\annotations-13.0.jar
Launcher Type: SUN_STANDARD

[Global flags]
     intx CICompilerCount                          = 4                                         {product} {ergonomic}
     uint ConcGCThreads                            = 3                                         {product} {ergonomic}
     uint G1ConcRefinementThreads                  = 10                                        {product} {ergonomic}
   size_t G1HeapRegionSize                         = 2097152                                   {product} {ergonomic}
    uintx GCDrainStackTargetSize                   = 64                                        {product} {ergonomic}
   size_t InitialHeapSize                          = 266338304                                 {product} {ergonomic}
   size_t MarkStackSize                            = 4194304                                   {product} {ergonomic}
   size_t MaxHeapSize                              = 4229955584                                {product} {ergonomic}
   size_t MinHeapDeltaBytes                        = 2097152                                   {product} {ergonomic}
   size_t MinHeapSize                              = 8388608                                   {product} {ergonomic}
    uintx NonNMethodCodeHeapSize                   = 5839372                                {pd product} {ergonomic}
    uintx NonProfiledCodeHeapSize                  = 122909434                              {pd product} {ergonomic}
    uintx ProfiledCodeHeapSize                     = 122909434                              {pd product} {ergonomic}
    uintx ReservedCodeCacheSize                    = 251658240                              {pd product} {ergonomic}
     bool SegmentedCodeCache                       = true                                      {product} {ergonomic}
   size_t SoftMaxHeapSize                          = 4229955584                             {manageable} {ergonomic}
     bool UseCompressedClassPointers               = true                           {product lp64_product} {ergonomic}
     bool UseCompressedOops                        = true                           {product lp64_product} {ergonomic}
     bool UseG1GC                                  = true                                      {product} {ergonomic}
     bool UseLargePagesIndividualAllocation        = false                                  {pd product} {ergonomic}

Logging:
Log output configuration:
 #0: stdout all=warning uptime,level,tags
 #1: stderr all=off uptime,level,tags

Environment Variables:
PATH=C:\Program Files (x86)\Common Files\Oracle\Java\java8path;C:\Program Files (x86)\Common Files\Oracle\Java\javapath;C:\Windows\system32;C:\Windows;C:\Windows\System32\Wbem;C:\Windows\System32\WindowsPowerShell\v1.0\;C:\Windows\System32\OpenSSH\;C:\Program Files (x86)\NVIDIA Corporation\PhysX\Common;C:\Program Files\NVIDIA Corporation\NVIDIA NvDLISR;C:\Program Files\Git\cmd;C:\flutter\bin;C:\Program Files\dotnet\;C:\Program Files\Microsoft SQL Server\150\Tools\Binn\;C:\Program Files\Microsoft SQL Server\Client SDK\ODBC\170\Tools\Binn\;C:\Program Files (x86)\Windows Kits\10\Windows Performance Toolkit\;C:\Users\AZeR18\AppData\Local\Programs\Python\Launcher\;C:\Users\AZeR18\AppData\Local\Programs\opam\bin;C:\Users\AZeR18\AppData\Local\Microsoft\WindowsApps;C:\Users\AZeR18\AppData\Local\Programs\Microsoft VS Code\bin;C:\Users\AZeR18\.dotnet\tools
USERNAME=AZeR18
OS=Windows_NT
PROCESSOR_IDENTIFIER=Intel64 Family 6 Model 154 Stepping 3, GenuineIntel
TMP=C:\Temp
TEMP=C:\Temp



Periodic native trim disabled

JNI global refs:
JNI global refs: 0, weak refs: 0

JNI global refs memory usage: 0, weak refs: 0

Process memory usage:
Resident Set Size: 10996K (0% of 16515496K total physical memory with 1041396K free physical memory)

OOME stack traces (most recent first):
Classloader memory used:


---------------  S Y S T E M  ---------------

OS:
 Windows 10 , 64 bit Build 19041 (10.0.19041.4717)
OS uptime: 0 days 9:25 hours

CPU: total 12 (initial active 12) (6 cores per cpu, 2 threads per core) family 6 model 154 stepping 3 microcode 0x414, cx8, cmov, fxsr, ht, mmx, 3dnowpref, sse, sse2, sse3, ssse3, sse4.1, sse4.2, popcnt, lzcnt, tsc, tscinvbit, avx, avx2, aes, erms, clmul, bmi1, bmi2, adx, sha, fma, vzeroupper, clflush, clflushopt, clwb
Processor Information for processor 0
  Max Mhz: 2000, Current Mhz: 2000, Mhz Limit: 1500
Processor Information for processor 1
  Max Mhz: 2000, Current Mhz: 2000, Mhz Limit: 1500
Processor Information for processor 2
  Max Mhz: 2000, Current Mhz: 2000, Mhz Limit: 2000
Processor Information for processor 3
  Max Mhz: 2000, Current Mhz: 2000, Mhz Limit: 2000
Processor Information for processor 4
  Max Mhz: 2000, Current Mhz: 2000, Mhz Limit: 2000
Processor Information for processor 5
  Max Mhz: 2000, Current Mhz: 2000, Mhz Limit: 2000
Processor Information for processor 6
  Max Mhz: 2000, Current Mhz: 2000, Mhz Limit: 2000
Processor Information for processor 7
  Max Mhz: 2000, Current Mhz: 2000, Mhz Limit: 2000
Processor Information for processor 8
  Max Mhz: 2000, Current Mhz: 1500, Mhz Limit: 1500
Processor Information for processor 9
  Max Mhz: 2000, Current Mhz: 1500, Mhz Limit: 1500
Processor Information for processor 10
  Max Mhz: 2000, Current Mhz: 1500, Mhz Limit: 1500
Processor Information for processor 11
  Max Mhz: 2000, Current Mhz: 1500, Mhz Limit: 1500

Memory: 4k page, system-wide physical 16128M (1016M free)
TotalPageFile size 16128M (AvailPageFile size 91M)
current process WorkingSet (physical memory assigned to process): 10M, peak: 10M
current process commit charge ("private bytes"): 64M, peak: 318M

vm_info: OpenJDK 64-Bit Server VM (17.0.11+0--11852314) for windows-amd64 JRE (17.0.11+0--11852314), built on May 16 2024 21:29:20 by "androidbuild" with MS VC++ 16.10 / 16.11 (VS2019)

END.
